<?xml version="1.0" encoding="UTF-8"?>
<testng-results ignored="0" total="3" passed="2" failed="1" skipped="0">
  <reporter-output>
    <line>
      <![CDATA[running tc1]]>
    </line>
    <line>
      <![CDATA[running tc1]]>
    </line>
    <line>
      <![CDATA[hey hello]]>
    </line>
  </reporter-output>
  <suite started-at="2022-11-11T20:18:43 IST" name="Default suite" finished-at="2022-11-11T20:18:44 IST" duration-ms="81">
    <groups>
    </groups>
    <test started-at="2022-11-11T20:18:43 IST" name="Default test" finished-at="2022-11-11T20:18:44 IST" duration-ms="81">
      <class name="Payal.sample1">
        <test-method signature="tc1()[pri:0, instance:Payal.sample1@55183b20]" started-at="2022-11-11T20:18:43 IST" name="tc1" finished-at="2022-11-11T20:18:43 IST" duration-ms="10" status="PASS">
          <reporter-output>
            <line>
              <![CDATA[running tc1]]>
            </line>
          </reporter-output>
        </test-method> <!-- tc1 -->
      </class> <!-- Payal.sample1 -->
      <class name="Assert.sample1">
        <test-method signature="tc1()[pri:0, instance:Assert.sample1@3c19aaa5]" started-at="2022-11-11T20:18:43 IST" name="tc1" finished-at="2022-11-11T20:18:44 IST" duration-ms="14" status="FAIL">
          <exception class="java.lang.AssertionError">
            <message>
              <![CDATA[The following asserts failed:
expected [bey] but found [hey]]]>
            </message>
            <full-stacktrace>
              <![CDATA[java.lang.AssertionError: The following asserts failed:
expected [bey] but found [hey]
at org.testng.asserts.SoftAssert.assertAll(SoftAssert.java:46)
at org.testng.asserts.SoftAssert.assertAll(SoftAssert.java:30)
at Assert.sample1.tc1(sample1.java:17)
at java.base/jdk.internal.reflect.NativeMethodAccessorImpl.invoke0(Native Method)
at java.base/jdk.internal.reflect.NativeMethodAccessorImpl.invoke(NativeMethodAccessorImpl.java:77)
at java.base/jdk.internal.reflect.DelegatingMethodAccessorImpl.invoke(DelegatingMethodAccessorImpl.java:43)
at java.base/java.lang.reflect.Method.invoke(Method.java:568)
at org.testng.internal.invokers.MethodInvocationHelper.invokeMethod(MethodInvocationHelper.java:139)
at org.testng.internal.invokers.TestInvoker.invokeMethod(TestInvoker.java:677)
at org.testng.internal.invokers.TestInvoker.invokeTestMethod(TestInvoker.java:221)
at org.testng.internal.invokers.MethodRunner.runInSequence(MethodRunner.java:50)
at org.testng.internal.invokers.TestInvoker$MethodInvocationAgent.invoke(TestInvoker.java:962)
at org.testng.internal.invokers.TestInvoker.invokeTestMethods(TestInvoker.java:194)
at org.testng.internal.invokers.TestMethodWorker.invokeTestMethods(TestMethodWorker.java:148)
at org.testng.internal.invokers.TestMethodWorker.run(TestMethodWorker.java:128)
at java.base/java.util.ArrayList.forEach(ArrayList.java:1511)
at org.testng.TestRunner.privateRun(TestRunner.java:806)
at org.testng.TestRunner.run(TestRunner.java:601)
at org.testng.SuiteRunner.runTest(SuiteRunner.java:433)
at org.testng.SuiteRunner.runSequentially(SuiteRunner.java:427)
at org.testng.SuiteRunner.privateRun(SuiteRunner.java:387)
at org.testng.SuiteRunner.run(SuiteRunner.java:330)
at org.testng.SuiteRunnerWorker.runSuite(SuiteRunnerWorker.java:52)
at org.testng.SuiteRunnerWorker.run(SuiteRunnerWorker.java:95)
at org.testng.TestNG.runSuitesSequentially(TestNG.java:1256)
at org.testng.TestNG.runSuitesLocally(TestNG.java:1176)
at org.testng.TestNG.runSuites(TestNG.java:1099)
at org.testng.TestNG.run(TestNG.java:1067)
at org.testng.remote.AbstractRemoteTestNG.run(AbstractRemoteTestNG.java:115)
at org.testng.remote.RemoteTestNG.initAndRun(RemoteTestNG.java:251)
at org.testng.remote.RemoteTestNG.main(RemoteTestNG.java:77)
]]>
            </full-stacktrace>
          </exception> <!-- java.lang.AssertionError -->
          <reporter-output>
            <line>
              <![CDATA[running tc1]]>
            </line>
          </reporter-output>
        </test-method> <!-- tc1 -->
        <test-method signature="tc2()[pri:0, instance:Assert.sample1@3c19aaa5]" started-at="2022-11-11T20:18:44 IST" name="tc2" finished-at="2022-11-11T20:18:44 IST" duration-ms="1" status="PASS">
          <reporter-output>
            <line>
              <![CDATA[hey hello]]>
            </line>
          </reporter-output>
        </test-method> <!-- tc2 -->
      </class> <!-- Assert.sample1 -->
    </test> <!-- Default test -->
  </suite> <!-- Default suite -->
</testng-results>
